<?xml version="1.0" encoding="UTF-8"?>
<!-- Generated by org.testng.reporters.JUnitXMLReporter -->
<testsuite hostname="darshan" failures="1" tests="48" name="Default test(failed)" time="35.636" errors="0" timestamp="29 Nov 2019 06:15:31 GMT">
  <testcase classname="testScript.JourneyScripts$TC_All" name="TC_ValidDomainSubmission" time="15.44"/>
  <testcase classname="testScript.JourneyScripts$TC_All" name="TC_InValidForgotPasswordwithBlankEmail" time="3.398"/>
  <testcase classname="testScript.JourneyScripts$TC_All" name="TC_InValidForgotPasswordwithInvalidEmail" time="4.91"/>
  <testcase classname="testScript.JourneyScripts$TC_All" name="TC_InValidForgotPasswordwithNotRegisteredEmail" time="4.198">
    <failure type="org.openqa.selenium.WebDriverException" message="chrome not reachable
  (Session info: chrome=78.0.3904.108)
  (Driver info: chromedriver=2.41.578700 (2f1ed5f9343c13f73144538f15c00b370eda6706),platform=Linux 4.15.0-70-generic x86_64) (WARNING: The server did not provide any stacktrace information)
Command duration or timeout: 0 milliseconds
Build info: version: &amp;apos;3.141.59&amp;apos;, revision: &amp;apos;e82be7d358&amp;apos;, time: &amp;apos;2018-11-14T08:17:03&amp;apos;
System info: host: &amp;apos;darshan&amp;apos;, ip: &amp;apos;192.168.1.69&amp;apos;, os.name: &amp;apos;Linux&amp;apos;, os.arch: &amp;apos;amd64&amp;apos;, os.version: &amp;apos;4.15.0-70-generic&amp;apos;, java.version: &amp;apos;13.0.1&amp;apos;
Driver info: org.openqa.selenium.chrome.ChromeDriver
Capabilities {acceptInsecureCerts: false, acceptSslCerts: false, applicationCacheEnabled: false, browserConnectionEnabled: false, browserName: chrome, chrome: {chromedriverVersion: 2.41.578700 (2f1ed5f9343c13..., userDataDir: /tmp/.org.chromium.Chromium...}, cssSelectorsEnabled: true, databaseEnabled: false, goog:chromeOptions: {debuggerAddress: localhost:45509}, handlesAlerts: true, hasTouchScreen: false, javascriptEnabled: true, locationContextEnabled: true, mobileEmulationEnabled: false, nativeEvents: true, networkConnectionEnabled: false, pageLoadStrategy: normal, platform: LINUX, platformName: LINUX, rotatable: false, setWindowRect: true, takesHeapSnapshot: true, takesScreenshot: true, unexpectedAlertBehaviour: , unhandledPromptBehavior: , version: 78.0.3904.108, webStorageEnabled: true}
Session ID: 0f85f2545313bdfca5c419a2e8cf23f7
*** Element info: {Using=xpath, value=/html[1]/body[1]/div[3]/div[2]/div[2]/div[2]/div[1]/form[1]/div[3]/button[1]}">
      <![CDATA[org.openqa.selenium.WebDriverException: chrome not reachable
  (Session info: chrome=78.0.3904.108)
  (Driver info: chromedriver=2.41.578700 (2f1ed5f9343c13f73144538f15c00b370eda6706),platform=Linux 4.15.0-70-generic x86_64) (WARNING: The server did not provide any stacktrace information)
Command duration or timeout: 0 milliseconds
Build info: version: '3.141.59', revision: 'e82be7d358', time: '2018-11-14T08:17:03'
System info: host: 'darshan', ip: '192.168.1.69', os.name: 'Linux', os.arch: 'amd64', os.version: '4.15.0-70-generic', java.version: '13.0.1'
Driver info: org.openqa.selenium.chrome.ChromeDriver
Capabilities {acceptInsecureCerts: false, acceptSslCerts: false, applicationCacheEnabled: false, browserConnectionEnabled: false, browserName: chrome, chrome: {chromedriverVersion: 2.41.578700 (2f1ed5f9343c13..., userDataDir: /tmp/.org.chromium.Chromium...}, cssSelectorsEnabled: true, databaseEnabled: false, goog:chromeOptions: {debuggerAddress: localhost:45509}, handlesAlerts: true, hasTouchScreen: false, javascriptEnabled: true, locationContextEnabled: true, mobileEmulationEnabled: false, nativeEvents: true, networkConnectionEnabled: false, pageLoadStrategy: normal, platform: LINUX, platformName: LINUX, rotatable: false, setWindowRect: true, takesHeapSnapshot: true, takesScreenshot: true, unexpectedAlertBehaviour: , unhandledPromptBehavior: , version: 78.0.3904.108, webStorageEnabled: true}
Session ID: 0f85f2545313bdfca5c419a2e8cf23f7
*** Element info: {Using=xpath, value=/html[1]/body[1]/div[3]/div[2]/div[2]/div[2]/div[1]/form[1]/div[3]/button[1]}
	at org.openqa.selenium.remote.ErrorHandler.createThrowable(ErrorHandler.java:214)
	at org.openqa.selenium.remote.ErrorHandler.throwIfResponseFailed(ErrorHandler.java:166)
	at org.openqa.selenium.remote.http.JsonHttpResponseCodec.reconstructValue(JsonHttpResponseCodec.java:40)
	at org.openqa.selenium.remote.http.AbstractHttpResponseCodec.decode(AbstractHttpResponseCodec.java:80)
	at org.openqa.selenium.remote.http.AbstractHttpResponseCodec.decode(AbstractHttpResponseCodec.java:44)
	at org.openqa.selenium.remote.HttpCommandExecutor.execute(HttpCommandExecutor.java:158)
	at org.openqa.selenium.remote.service.DriverCommandExecutor.execute(DriverCommandExecutor.java:83)
	at org.openqa.selenium.remote.RemoteWebDriver.execute(RemoteWebDriver.java:552)
	at org.openqa.selenium.remote.RemoteWebDriver.findElement(RemoteWebDriver.java:323)
	at org.openqa.selenium.remote.RemoteWebDriver.findElementByXPath(RemoteWebDriver.java:428)
	at org.openqa.selenium.By$ByXPath.findElement(By.java:353)
	at org.openqa.selenium.remote.RemoteWebDriver.findElement(RemoteWebDriver.java:315)
	at org.openqa.selenium.support.pagefactory.DefaultElementLocator.findElement(DefaultElementLocator.java:69)
	at org.openqa.selenium.support.pagefactory.internal.LocatingElementHandler.invoke(LocatingElementHandler.java:38)
	at com.sun.proxy.$Proxy12.click(Unknown Source)
	at testObjects.objectForgotPassword.closeButtonForgotPassword(objectForgotPassword.java:36)
	at logicalView.InvalidForgotPasswordScripts.ForgotPasswordwithNotRegisteredEmail.inValidForgotPasswordwithNotRegisteredEmail(ForgotPasswordwithNotRegisteredEmail.java:35)
	at testScript.JourneyScripts$TC_All.TC_InValidForgotPasswordwithNotRegisteredEmail(JourneyScripts.java:179)
... Removed 29 stack frames]]>
    </failure>
  </testcase> <!-- TC_InValidForgotPasswordwithNotRegisteredEmail -->
  <testcase classname="testScript.JourneyScripts$TC_All" name="TC_ValidForgotPassword" time="0.0">
    <skipped/>
  </testcase> <!-- TC_ValidForgotPassword -->
  <testcase classname="testScript.JourneyScripts$TC_All" name="TC_InValidSignInwithBlankEmailPassword" time="0.0">
    <skipped/>
  </testcase> <!-- TC_InValidSignInwithBlankEmailPassword -->
  <testcase classname="testScript.JourneyScripts$TC_All" name="TC_InValidSignInwithBlankEmail" time="0.0">
    <skipped/>
  </testcase> <!-- TC_InValidSignInwithBlankEmail -->
  <testcase classname="testScript.JourneyScripts$TC_All" name="TC_InValidSignInwithBlankPassword" time="0.0">
    <skipped/>
  </testcase> <!-- TC_InValidSignInwithBlankPassword -->
  <testcase classname="testScript.JourneyScripts$TC_All" name="TC_InvalidsignInwithInvalidEmailPassword" time="0.0">
    <skipped/>
  </testcase> <!-- TC_InvalidsignInwithInvalidEmailPassword -->
  <testcase classname="testScript.JourneyScripts$TC_All" name="TC_SignIn" time="0.0">
    <skipped/>
  </testcase> <!-- TC_SignIn -->
  <testcase classname="testScript.JourneyScripts$TC_All" name="TC_SignUpwithBlankEmailIdInvalidData" time="0.0">
    <skipped/>
  </testcase> <!-- TC_SignUpwithBlankEmailIdInvalidData -->
  <testcase classname="testScript.JourneyScripts$TC_All" name="TC_SignUpwithBlankUserIdInvalidData" time="0.0">
    <skipped/>
  </testcase> <!-- TC_SignUpwithBlankUserIdInvalidData -->
  <testcase classname="testScript.JourneyScripts$TC_All" name="TC_SignUpwithUserIdInvalidData" time="0.0">
    <skipped/>
  </testcase> <!-- TC_SignUpwithUserIdInvalidData -->
  <testcase classname="testScript.JourneyScripts$TC_All" name="TC_VerifyBlankVerifyEmailUserid" time="0.0">
    <skipped/>
  </testcase> <!-- TC_VerifyBlankVerifyEmailUserid -->
  <testcase classname="testScript.JourneyScripts$TC_All" name="TC_VerifyInvalidVerifyEmail" time="0.0">
    <skipped/>
  </testcase> <!-- TC_VerifyInvalidVerifyEmail -->
  <testcase classname="testScript.JourneyScripts$TC_All" name="TC_VerifyNotRegisteredVerifyEmail" time="0.0">
    <skipped/>
  </testcase> <!-- TC_VerifyNotRegisteredVerifyEmail -->
  <testcase classname="testScript.JourneyScripts$TC_All" name="TC_VerifyInvalidVerifyUserId" time="0.0">
    <skipped/>
  </testcase> <!-- TC_VerifyInvalidVerifyUserId -->
  <testcase classname="testScript.JourneyScripts$TC_All" name="TC_VerifyNotRegisteredVerifyUserId" time="0.0">
    <skipped/>
  </testcase> <!-- TC_VerifyNotRegisteredVerifyUserId -->
  <testcase classname="testScript.JourneyScripts$TC_All" name="SignInforSignUp" time="0.001">
    <skipped/>
  </testcase> <!-- SignInforSignUp -->
  <testcase classname="testScript.JourneyScripts$TC_All" name="TC_SignUpwithEmailandPassword" time="0.0">
    <skipped/>
  </testcase> <!-- TC_SignUpwithEmailandPassword -->
  <testcase classname="testScript.JourneyScripts$TC_All" name="TC_SignInafterRegister" time="0.0">
    <skipped/>
  </testcase> <!-- TC_SignInafterRegister -->
  <testcase classname="testScript.JourneyScripts$TC_All" name="SignInforSignUpUserId" time="0.0">
    <skipped/>
  </testcase> <!-- SignInforSignUpUserId -->
  <testcase classname="testScript.JourneyScripts$TC_All" name="TC_SignUpwithEmailandPasswordUserId" time="0.0">
    <skipped/>
  </testcase> <!-- TC_SignUpwithEmailandPasswordUserId -->
  <testcase classname="testScript.JourneyScripts$TC_All" name="TC_SignInafterRegisterUserId" time="0.0">
    <skipped/>
  </testcase> <!-- TC_SignInafterRegisterUserId -->
  <testcase classname="testScript.JourneyScripts$TC_All" name="SignInforSignUpwithOutPassword" time="0.0">
    <skipped/>
  </testcase> <!-- SignInforSignUpwithOutPassword -->
  <testcase classname="testScript.JourneyScripts$TC_All" name="TC_SignUpwithEmailwithoutPassword" time="0.0">
    <skipped/>
  </testcase> <!-- TC_SignUpwithEmailwithoutPassword -->
  <testcase classname="testScript.JourneyScripts$TC_All" name="TC_SignInafterRegisterEmailwithOutPassword" time="0.001">
    <skipped/>
  </testcase> <!-- TC_SignInafterRegisterEmailwithOutPassword -->
  <testcase classname="testScript.JourneyScripts$TC_All" name="SignInforSignUpUserIdwithoutPassword" time="0.0">
    <skipped/>
  </testcase> <!-- SignInforSignUpUserIdwithoutPassword -->
  <testcase classname="testScript.JourneyScripts$TC_All" name="TC_SignUpwithUserIdwithoutPassword" time="0.0">
    <skipped/>
  </testcase> <!-- TC_SignUpwithUserIdwithoutPassword -->
  <testcase classname="testScript.JourneyScripts$TC_All" name="TC_SignInafterRegisterUserIdwithOutPassword" time="0.0">
    <skipped/>
  </testcase> <!-- TC_SignInafterRegisterUserIdwithOutPassword -->
  <testcase classname="testScript.JourneyScripts$TC_All" name="TC_CreateNewInquiry" time="0.0">
    <skipped/>
  </testcase> <!-- TC_CreateNewInquiry -->
  <testcase classname="testScript.JourneyScripts$TC_All" name="TC_CreateNewInquirywithInvalidValues" time="0.0">
    <skipped/>
  </testcase> <!-- TC_CreateNewInquirywithInvalidValues -->
  <testcase classname="testScript.JourneyScripts$TC_All" name="TC_CreateNewInquirywithBlankValues" time="0.0">
    <skipped/>
  </testcase> <!-- TC_CreateNewInquirywithBlankValues -->
  <testcase classname="testScript.JourneyScripts$TC_All" name="TC_InquiryList" time="0.0">
    <skipped/>
  </testcase> <!-- TC_InquiryList -->
  <testcase classname="testScript.JourneyScripts$TC_All" name="TC_ViewImage" time="0.001">
    <skipped/>
  </testcase> <!-- TC_ViewImage -->
  <testcase classname="testScript.JourneyScripts$TC_All" name="TC_SendMessageToChat" time="0.0">
    <skipped/>
  </testcase> <!-- TC_SendMessageToChat -->
  <testcase classname="testScript.JourneyScripts$TC_All" name="TC_AttachMediaPhoto" time="0.0">
    <skipped/>
  </testcase> <!-- TC_AttachMediaPhoto -->
  <testcase classname="testScript.JourneyScripts$TC_All" name="TC_AttachMediaVideo" time="0.0">
    <skipped/>
  </testcase> <!-- TC_AttachMediaVideo -->
  <testcase classname="testScript.JourneyScripts$TC_All" name="TC_AttachMediaDocument" time="0.0">
    <skipped/>
  </testcase> <!-- TC_AttachMediaDocument -->
  <testcase classname="testScript.JourneyScripts$TC_All" name="TC_AddParticipantInInquiry" time="0.0">
    <skipped/>
  </testcase> <!-- TC_AddParticipantInInquiry -->
  <testcase classname="testScript.JourneyScripts$TC_All" name="TC_AddNotes" time="0.0">
    <skipped/>
  </testcase> <!-- TC_AddNotes -->
  <testcase classname="testScript.JourneyScripts$TC_All" name="TC_EditNotes" time="0.0">
    <skipped/>
  </testcase> <!-- TC_EditNotes -->
  <testcase classname="testScript.JourneyScripts$TC_All" name="TC_DeleteNotes" time="0.0">
    <skipped/>
  </testcase> <!-- TC_DeleteNotes -->
  <testcase classname="testScript.JourneyScripts$TC_All" name="TC_RemoveParticipant" time="0.0">
    <skipped/>
  </testcase> <!-- TC_RemoveParticipant -->
  <testcase classname="testScript.JourneyScripts$TC_All" name="TC_ArchiveInquiry" time="0.0">
    <skipped/>
  </testcase> <!-- TC_ArchiveInquiry -->
  <testcase classname="testScript.JourneyScripts$TC_All" name="TC_UnArchiveInquiry" time="0.0">
    <skipped/>
  </testcase> <!-- TC_UnArchiveInquiry -->
  <testcase classname="testScript.JourneyScripts$TC_All" name="TC_VideoCall" time="0.0">
    <skipped/>
  </testcase> <!-- TC_VideoCall -->
  <testcase classname="testScript.JourneyScripts$TC_All" name="TC_EditInquiryDetails" time="0.0">
    <skipped/>
  </testcase> <!-- TC_EditInquiryDetails -->
</testsuite> <!-- Default test(failed) -->
