<?xml version="1.0" encoding="UTF-8"?>
<!-- Generated by org.testng.reporters.JUnitXMLReporter -->
<testsuite hostname="darshan" failures="0" tests="6" name="ContactsScriptswithValidData" time="0.089" errors="0" timestamp="2 Dec 2019 09:41:39 GMT">
  <testcase classname="testScript.TC_Contacts" name="@BeforeTest beforeTest" time="0.0">
    <failure type="java.lang.IllegalStateException" message="The driver executable does not exist: /home/darshan/Journey2/src/test/resources/chromedriver">
      <![CDATA[java.lang.IllegalStateException: The driver executable does not exist: /home/darshan/Journey2/src/test/resources/chromedriver
	at com.google.common.base.Preconditions.checkState(Preconditions.java:585)
	at org.openqa.selenium.remote.service.DriverService.checkExecutable(DriverService.java:146)
	at org.openqa.selenium.remote.service.DriverService.findExecutable(DriverService.java:141)
	at org.openqa.selenium.chrome.ChromeDriverService.access$000(ChromeDriverService.java:35)
	at org.openqa.selenium.chrome.ChromeDriverService$Builder.findDefaultExecutable(ChromeDriverService.java:159)
	at org.openqa.selenium.remote.service.DriverService$Builder.build(DriverService.java:355)
	at org.openqa.selenium.chrome.ChromeDriverService.createDefaultService(ChromeDriverService.java:94)
	at org.openqa.selenium.chrome.ChromeDriver.<init>(ChromeDriver.java:123)
	at commonFunctions.ApplicationUtility.openBrowser(ApplicationUtility.java:43)
	at testScript.TC_Contacts.beforeTest(TC_Contacts.java:25)
... Removed 22 stack frames]]>
    </failure>
  </testcase> <!-- @BeforeTest beforeTest -->
  <testcase classname="testScript.TC_Contacts" name="@AfterTest afterTest" time="0.0">
    <skipped/>
  </testcase> <!-- @AfterTest afterTest -->
  <testcase classname="testScript.TC_Contacts" name="TC_ValidDomainSubmission" time="0.002">
    <skipped/>
  </testcase> <!-- TC_ValidDomainSubmission -->
  <testcase classname="testScript.TC_Contacts" name="TC_SignIn" time="0.001">
    <skipped/>
  </testcase> <!-- TC_SignIn -->
  <testcase classname="testScript.TC_Contacts" name="TC_Contactswith1to1Inquiry" time="0.001">
    <skipped/>
  </testcase> <!-- TC_Contactswith1to1Inquiry -->
  <testcase classname="testScript.TC_Contacts" name="TC_ContactswithCreateInquiry" time="0.001">
    <skipped/>
  </testcase> <!-- TC_ContactswithCreateInquiry -->
  <testcase classname="testScript.TC_Contacts" name="TC_ContactsINGroupswithCreateInquiry" time="0.001">
    <skipped/>
  </testcase> <!-- TC_ContactsINGroupswithCreateInquiry -->
  <testcase classname="testScript.TC_Contacts" name="TC_SignOut" time="0.001">
    <skipped/>
  </testcase> <!-- TC_SignOut -->
</testsuite> <!-- ContactsScriptswithValidData -->
