<?xml version="1.0" encoding="UTF-8"?>
<!-- Generated by org.testng.reporters.JUnitXMLReporter -->
<testsuite hostname="darshan" failures="6" tests="17" name="Inquiry Internal Functionalities" time="132.076" errors="0" timestamp="15 Nov 2019 12:22:07 GMT">
  <testcase classname="testScript.TC_InquiryInternalFunctionalities" name="TC_ValidDomainSubmission" time="20.221"/>
  <testcase classname="testScript.TC_InquiryInternalFunctionalities" name="TC_InquiryList" time="4.735"/>
  <testcase classname="testScript.TC_InquiryInternalFunctionalities" name="TC_ViewImage" time="10.669"/>
  <testcase classname="testScript.TC_InquiryInternalFunctionalities" name="TC_SendMessageToChat" time="5.134"/>
  <testcase classname="testScript.TC_InquiryInternalFunctionalities" name="TC_AttachMediaPhoto" time="10.743"/>
  <testcase classname="testScript.TC_InquiryInternalFunctionalities" name="TC_AttachMediaVideo" time="9.332"/>
  <testcase classname="testScript.TC_InquiryInternalFunctionalities" name="TC_AttachMediaDocument" time="8.244"/>
  <testcase classname="testScript.TC_InquiryInternalFunctionalities" name="TC_AddParticipantInInquiry" time="32.401"/>
  <testcase classname="testScript.TC_InquiryInternalFunctionalities" name="TC_AddNotes" time="5.637"/>
  <testcase classname="testScript.TC_InquiryInternalFunctionalities" name="TC_EditNotes" time="7.475"/>
  <testcase classname="testScript.TC_InquiryInternalFunctionalities" name="TC_DeleteNotes" time="6.168">
    <failure type="org.openqa.selenium.ElementClickInterceptedException" message="element click intercepted: Element &amp;lt;span style=&amp;quot;cursor: pointer&amp;quot; class=&amp;quot;closebtn&amp;quot; ng-click=&amp;quot;closeInqInfo();&amp;quot;&amp;gt;...&amp;lt;/span&amp;gt; is not clickable at point (1568, 135). Other element would receive the click: &amp;lt;div popup-modal=&amp;quot;removecreatednote.$index&amp;quot; class=&amp;quot;modal fade in&amp;quot; id=&amp;quot;removecreatednote0&amp;quot; tabindex=&amp;quot;-1&amp;quot; role=&amp;quot;dialog&amp;quot; aria-labelledby=&amp;quot;myModalLabel&amp;quot; aria-hidden=&amp;quot;false&amp;quot; style=&amp;quot;display: block; padding-right: 15px;&amp;quot;&amp;gt;...&amp;lt;/div&amp;gt;
  (Session info: chrome=77.0.3865.120)
Build info: version: &amp;apos;3.141.59&amp;apos;, revision: &amp;apos;e82be7d358&amp;apos;, time: &amp;apos;2018-11-14T08:17:03&amp;apos;
System info: host: &amp;apos;darshan&amp;apos;, ip: &amp;apos;192.168.1.69&amp;apos;, os.name: &amp;apos;Linux&amp;apos;, os.arch: &amp;apos;amd64&amp;apos;, os.version: &amp;apos;4.15.0-70-generic&amp;apos;, java.version: &amp;apos;13.0.1&amp;apos;
Driver info: org.openqa.selenium.chrome.ChromeDriver
Capabilities {acceptInsecureCerts: false, browserName: chrome, browserVersion: 77.0.3865.120, chrome: {chromedriverVersion: 77.0.3865.40 (f484704e052e0..., userDataDir: /tmp/.com.google.Chrome.xm6XLO}, goog:chromeOptions: {debuggerAddress: localhost:44993}, javascriptEnabled: true, networkConnectionEnabled: false, pageLoadStrategy: normal, platform: LINUX, platformName: LINUX, proxy: Proxy(), setWindowRect: true, strictFileInteractability: false, timeouts: {implicit: 0, pageLoad: 300000, script: 30000}, unhandledPromptBehavior: dismiss and notify}
Session ID: c99386547196d31c1d4a67536fa4a8e5">
      <![CDATA[org.openqa.selenium.ElementClickInterceptedException: element click intercepted: Element <span style="cursor: pointer" class="closebtn" ng-click="closeInqInfo();">...</span> is not clickable at point (1568, 135). Other element would receive the click: <div popup-modal="removecreatednote.$index" class="modal fade in" id="removecreatednote0" tabindex="-1" role="dialog" aria-labelledby="myModalLabel" aria-hidden="false" style="display: block; padding-right: 15px;">...</div>
  (Session info: chrome=77.0.3865.120)
Build info: version: '3.141.59', revision: 'e82be7d358', time: '2018-11-14T08:17:03'
System info: host: 'darshan', ip: '192.168.1.69', os.name: 'Linux', os.arch: 'amd64', os.version: '4.15.0-70-generic', java.version: '13.0.1'
Driver info: org.openqa.selenium.chrome.ChromeDriver
Capabilities {acceptInsecureCerts: false, browserName: chrome, browserVersion: 77.0.3865.120, chrome: {chromedriverVersion: 77.0.3865.40 (f484704e052e0..., userDataDir: /tmp/.com.google.Chrome.xm6XLO}, goog:chromeOptions: {debuggerAddress: localhost:44993}, javascriptEnabled: true, networkConnectionEnabled: false, pageLoadStrategy: normal, platform: LINUX, platformName: LINUX, proxy: Proxy(), setWindowRect: true, strictFileInteractability: false, timeouts: {implicit: 0, pageLoad: 300000, script: 30000}, unhandledPromptBehavior: dismiss and notify}
Session ID: c99386547196d31c1d4a67536fa4a8e5
	at org.openqa.selenium.remote.http.W3CHttpResponseCodec.createException(W3CHttpResponseCodec.java:187)
	at org.openqa.selenium.remote.http.W3CHttpResponseCodec.decode(W3CHttpResponseCodec.java:122)
	at org.openqa.selenium.remote.http.W3CHttpResponseCodec.decode(W3CHttpResponseCodec.java:49)
	at org.openqa.selenium.remote.HttpCommandExecutor.execute(HttpCommandExecutor.java:158)
	at org.openqa.selenium.remote.service.DriverCommandExecutor.execute(DriverCommandExecutor.java:83)
	at org.openqa.selenium.remote.RemoteWebDriver.execute(RemoteWebDriver.java:552)
	at org.openqa.selenium.remote.RemoteWebElement.execute(RemoteWebElement.java:285)
	at org.openqa.selenium.remote.RemoteWebElement.click(RemoteWebElement.java:84)
	at org.openqa.selenium.support.pagefactory.internal.LocatingElementHandler.invoke(LocatingElementHandler.java:51)
	at com.sun.proxy.$Proxy12.click(Unknown Source)
	at testObjects.ObjectInquiryFunctionalities.clickCloseNote(ObjectInquiryFunctionalities.java:199)
	at logicalView.InquiryInternalFunctionalityScripts.AddNotes.deleteNote(AddNotes.java:95)
	at testScript.TC_InquiryInternalFunctionalities.TC_DeleteNotes(TC_InquiryInternalFunctionalities.java:117)
... Removed 32 stack frames]]>
    </failure>
  </testcase> <!-- TC_DeleteNotes -->
  <testcase classname="testScript.TC_InquiryInternalFunctionalities" name="TC_RemoveParticipant" time="0.066">
    <failure type="org.openqa.selenium.ElementClickInterceptedException" message="element click intercepted: Element &amp;lt;a ng-click=&amp;quot;closeNav();openSideNav(&amp;apos;details&amp;apos;);&amp;quot; class=&amp;quot;dropdown-toggle btn btn-default border-none inq-righticon chatmoremenuiconhovr&amp;quot; role=&amp;quot;button&amp;quot; aria-expanded=&amp;quot;false&amp;quot; ng-class=&amp;quot;details?&amp;apos;chatmoremenuicon&amp;apos;:&amp;apos;&amp;apos;&amp;quot; style=&amp;quot;&amp;quot;&amp;gt;...&amp;lt;/a&amp;gt; is not clickable at point (1562, 91). Other element would receive the click: &amp;lt;div popup-modal=&amp;quot;removecreatednote.$index&amp;quot; class=&amp;quot;modal fade in&amp;quot; id=&amp;quot;removecreatednote0&amp;quot; tabindex=&amp;quot;-1&amp;quot; role=&amp;quot;dialog&amp;quot; aria-labelledby=&amp;quot;myModalLabel&amp;quot; aria-hidden=&amp;quot;false&amp;quot; style=&amp;quot;display: block; padding-right: 15px;&amp;quot;&amp;gt;...&amp;lt;/div&amp;gt;
  (Session info: chrome=77.0.3865.120)
Build info: version: &amp;apos;3.141.59&amp;apos;, revision: &amp;apos;e82be7d358&amp;apos;, time: &amp;apos;2018-11-14T08:17:03&amp;apos;
System info: host: &amp;apos;darshan&amp;apos;, ip: &amp;apos;192.168.1.69&amp;apos;, os.name: &amp;apos;Linux&amp;apos;, os.arch: &amp;apos;amd64&amp;apos;, os.version: &amp;apos;4.15.0-70-generic&amp;apos;, java.version: &amp;apos;13.0.1&amp;apos;
Driver info: org.openqa.selenium.chrome.ChromeDriver
Capabilities {acceptInsecureCerts: false, browserName: chrome, browserVersion: 77.0.3865.120, chrome: {chromedriverVersion: 77.0.3865.40 (f484704e052e0..., userDataDir: /tmp/.com.google.Chrome.xm6XLO}, goog:chromeOptions: {debuggerAddress: localhost:44993}, javascriptEnabled: true, networkConnectionEnabled: false, pageLoadStrategy: normal, platform: LINUX, platformName: LINUX, proxy: Proxy(), setWindowRect: true, strictFileInteractability: false, timeouts: {implicit: 0, pageLoad: 300000, script: 30000}, unhandledPromptBehavior: dismiss and notify}
Session ID: c99386547196d31c1d4a67536fa4a8e5">
      <![CDATA[org.openqa.selenium.ElementClickInterceptedException: element click intercepted: Element <a ng-click="closeNav();openSideNav('details');" class="dropdown-toggle btn btn-default border-none inq-righticon chatmoremenuiconhovr" role="button" aria-expanded="false" ng-class="details?'chatmoremenuicon':''" style="">...</a> is not clickable at point (1562, 91). Other element would receive the click: <div popup-modal="removecreatednote.$index" class="modal fade in" id="removecreatednote0" tabindex="-1" role="dialog" aria-labelledby="myModalLabel" aria-hidden="false" style="display: block; padding-right: 15px;">...</div>
  (Session info: chrome=77.0.3865.120)
Build info: version: '3.141.59', revision: 'e82be7d358', time: '2018-11-14T08:17:03'
System info: host: 'darshan', ip: '192.168.1.69', os.name: 'Linux', os.arch: 'amd64', os.version: '4.15.0-70-generic', java.version: '13.0.1'
Driver info: org.openqa.selenium.chrome.ChromeDriver
Capabilities {acceptInsecureCerts: false, browserName: chrome, browserVersion: 77.0.3865.120, chrome: {chromedriverVersion: 77.0.3865.40 (f484704e052e0..., userDataDir: /tmp/.com.google.Chrome.xm6XLO}, goog:chromeOptions: {debuggerAddress: localhost:44993}, javascriptEnabled: true, networkConnectionEnabled: false, pageLoadStrategy: normal, platform: LINUX, platformName: LINUX, proxy: Proxy(), setWindowRect: true, strictFileInteractability: false, timeouts: {implicit: 0, pageLoad: 300000, script: 30000}, unhandledPromptBehavior: dismiss and notify}
Session ID: c99386547196d31c1d4a67536fa4a8e5
	at org.openqa.selenium.remote.http.W3CHttpResponseCodec.createException(W3CHttpResponseCodec.java:187)
	at org.openqa.selenium.remote.http.W3CHttpResponseCodec.decode(W3CHttpResponseCodec.java:122)
	at org.openqa.selenium.remote.http.W3CHttpResponseCodec.decode(W3CHttpResponseCodec.java:49)
	at org.openqa.selenium.remote.HttpCommandExecutor.execute(HttpCommandExecutor.java:158)
	at org.openqa.selenium.remote.service.DriverCommandExecutor.execute(DriverCommandExecutor.java:83)
	at org.openqa.selenium.remote.RemoteWebDriver.execute(RemoteWebDriver.java:552)
	at org.openqa.selenium.remote.RemoteWebElement.execute(RemoteWebElement.java:285)
	at org.openqa.selenium.remote.RemoteWebElement.click(RemoteWebElement.java:84)
	at org.openqa.selenium.support.pagefactory.internal.LocatingElementHandler.invoke(LocatingElementHandler.java:51)
	at com.sun.proxy.$Proxy12.click(Unknown Source)
	at testObjects.ObjectInquiryFunctionalities.clickInquiryDetails(ObjectInquiryFunctionalities.java:283)
	at logicalView.InquiryInternalFunctionalityScripts.RemoveParticipant.removeParticipant(RemoveParticipant.java:20)
	at testScript.TC_InquiryInternalFunctionalities.TC_RemoveParticipant(TC_InquiryInternalFunctionalities.java:122)
... Removed 32 stack frames]]>
    </failure>
  </testcase> <!-- TC_RemoveParticipant -->
  <testcase classname="testScript.TC_InquiryInternalFunctionalities" name="TC_ArchiveInquiry" time="0.085">
    <failure type="org.openqa.selenium.ElementClickInterceptedException" message="element click intercepted: Element &amp;lt;a ng-click=&amp;quot;openArchInq()&amp;quot; class=&amp;quot;chatmoremenuiconhovr dropdown-toggle btn btn-default border-none inq-righticon&amp;quot; role=&amp;quot;button&amp;quot;&amp;gt;...&amp;lt;/a&amp;gt; is not clickable at point (1513, 91). Other element would receive the click: &amp;lt;div popup-modal=&amp;quot;removecreatednote.$index&amp;quot; class=&amp;quot;modal fade in&amp;quot; id=&amp;quot;removecreatednote0&amp;quot; tabindex=&amp;quot;-1&amp;quot; role=&amp;quot;dialog&amp;quot; aria-labelledby=&amp;quot;myModalLabel&amp;quot; aria-hidden=&amp;quot;false&amp;quot; style=&amp;quot;display: block; padding-right: 15px;&amp;quot;&amp;gt;...&amp;lt;/div&amp;gt;
  (Session info: chrome=77.0.3865.120)
Build info: version: &amp;apos;3.141.59&amp;apos;, revision: &amp;apos;e82be7d358&amp;apos;, time: &amp;apos;2018-11-14T08:17:03&amp;apos;
System info: host: &amp;apos;darshan&amp;apos;, ip: &amp;apos;192.168.1.69&amp;apos;, os.name: &amp;apos;Linux&amp;apos;, os.arch: &amp;apos;amd64&amp;apos;, os.version: &amp;apos;4.15.0-70-generic&amp;apos;, java.version: &amp;apos;13.0.1&amp;apos;
Driver info: org.openqa.selenium.chrome.ChromeDriver
Capabilities {acceptInsecureCerts: false, browserName: chrome, browserVersion: 77.0.3865.120, chrome: {chromedriverVersion: 77.0.3865.40 (f484704e052e0..., userDataDir: /tmp/.com.google.Chrome.xm6XLO}, goog:chromeOptions: {debuggerAddress: localhost:44993}, javascriptEnabled: true, networkConnectionEnabled: false, pageLoadStrategy: normal, platform: LINUX, platformName: LINUX, proxy: Proxy(), setWindowRect: true, strictFileInteractability: false, timeouts: {implicit: 0, pageLoad: 300000, script: 30000}, unhandledPromptBehavior: dismiss and notify}
Session ID: c99386547196d31c1d4a67536fa4a8e5">
      <![CDATA[org.openqa.selenium.ElementClickInterceptedException: element click intercepted: Element <a ng-click="openArchInq()" class="chatmoremenuiconhovr dropdown-toggle btn btn-default border-none inq-righticon" role="button">...</a> is not clickable at point (1513, 91). Other element would receive the click: <div popup-modal="removecreatednote.$index" class="modal fade in" id="removecreatednote0" tabindex="-1" role="dialog" aria-labelledby="myModalLabel" aria-hidden="false" style="display: block; padding-right: 15px;">...</div>
  (Session info: chrome=77.0.3865.120)
Build info: version: '3.141.59', revision: 'e82be7d358', time: '2018-11-14T08:17:03'
System info: host: 'darshan', ip: '192.168.1.69', os.name: 'Linux', os.arch: 'amd64', os.version: '4.15.0-70-generic', java.version: '13.0.1'
Driver info: org.openqa.selenium.chrome.ChromeDriver
Capabilities {acceptInsecureCerts: false, browserName: chrome, browserVersion: 77.0.3865.120, chrome: {chromedriverVersion: 77.0.3865.40 (f484704e052e0..., userDataDir: /tmp/.com.google.Chrome.xm6XLO}, goog:chromeOptions: {debuggerAddress: localhost:44993}, javascriptEnabled: true, networkConnectionEnabled: false, pageLoadStrategy: normal, platform: LINUX, platformName: LINUX, proxy: Proxy(), setWindowRect: true, strictFileInteractability: false, timeouts: {implicit: 0, pageLoad: 300000, script: 30000}, unhandledPromptBehavior: dismiss and notify}
Session ID: c99386547196d31c1d4a67536fa4a8e5
	at org.openqa.selenium.remote.http.W3CHttpResponseCodec.createException(W3CHttpResponseCodec.java:187)
	at org.openqa.selenium.remote.http.W3CHttpResponseCodec.decode(W3CHttpResponseCodec.java:122)
	at org.openqa.selenium.remote.http.W3CHttpResponseCodec.decode(W3CHttpResponseCodec.java:49)
	at org.openqa.selenium.remote.HttpCommandExecutor.execute(HttpCommandExecutor.java:158)
	at org.openqa.selenium.remote.service.DriverCommandExecutor.execute(DriverCommandExecutor.java:83)
	at org.openqa.selenium.remote.RemoteWebDriver.execute(RemoteWebDriver.java:552)
	at org.openqa.selenium.remote.RemoteWebElement.execute(RemoteWebElement.java:285)
	at org.openqa.selenium.remote.RemoteWebElement.click(RemoteWebElement.java:84)
	at org.openqa.selenium.support.pagefactory.internal.LocatingElementHandler.invoke(LocatingElementHandler.java:51)
	at com.sun.proxy.$Proxy12.click(Unknown Source)
	at testObjects.ObjectInquiryFunctionalities.clickArchiveInquiryIcon(ObjectInquiryFunctionalities.java:334)
	at logicalView.InquiryInternalFunctionalityScripts.ArchiveUnarchiveInquiry.archiveInquiry(ArchiveUnarchiveInquiry.java:21)
	at testScript.TC_InquiryInternalFunctionalities.TC_ArchiveInquiry(TC_InquiryInternalFunctionalities.java:127)
... Removed 32 stack frames]]>
    </failure>
  </testcase> <!-- TC_ArchiveInquiry -->
  <testcase classname="testScript.TC_InquiryInternalFunctionalities" name="TC_UnArchiveInquiry" time="0.076">
    <failure type="org.openqa.selenium.ElementClickInterceptedException" message="element click intercepted: Element &amp;lt;button type=&amp;quot;button&amp;quot; class=&amp;quot;btn btn-primary btn-lg&amp;quot; data-toggle=&amp;quot;dropdown&amp;quot; aria-expanded=&amp;quot;true&amp;quot;&amp;gt;...&amp;lt;/button&amp;gt; is not clickable at point (424, 81). Other element would receive the click: &amp;lt;div popup-modal=&amp;quot;removecreatednote.$index&amp;quot; class=&amp;quot;modal fade in&amp;quot; id=&amp;quot;removecreatednote0&amp;quot; tabindex=&amp;quot;-1&amp;quot; role=&amp;quot;dialog&amp;quot; aria-labelledby=&amp;quot;myModalLabel&amp;quot; aria-hidden=&amp;quot;false&amp;quot; style=&amp;quot;display: block; padding-right: 15px;&amp;quot;&amp;gt;...&amp;lt;/div&amp;gt;
  (Session info: chrome=77.0.3865.120)
Build info: version: &amp;apos;3.141.59&amp;apos;, revision: &amp;apos;e82be7d358&amp;apos;, time: &amp;apos;2018-11-14T08:17:03&amp;apos;
System info: host: &amp;apos;darshan&amp;apos;, ip: &amp;apos;192.168.1.69&amp;apos;, os.name: &amp;apos;Linux&amp;apos;, os.arch: &amp;apos;amd64&amp;apos;, os.version: &amp;apos;4.15.0-70-generic&amp;apos;, java.version: &amp;apos;13.0.1&amp;apos;
Driver info: org.openqa.selenium.chrome.ChromeDriver
Capabilities {acceptInsecureCerts: false, browserName: chrome, browserVersion: 77.0.3865.120, chrome: {chromedriverVersion: 77.0.3865.40 (f484704e052e0..., userDataDir: /tmp/.com.google.Chrome.xm6XLO}, goog:chromeOptions: {debuggerAddress: localhost:44993}, javascriptEnabled: true, networkConnectionEnabled: false, pageLoadStrategy: normal, platform: LINUX, platformName: LINUX, proxy: Proxy(), setWindowRect: true, strictFileInteractability: false, timeouts: {implicit: 0, pageLoad: 300000, script: 30000}, unhandledPromptBehavior: dismiss and notify}
Session ID: c99386547196d31c1d4a67536fa4a8e5">
      <![CDATA[org.openqa.selenium.ElementClickInterceptedException: element click intercepted: Element <button type="button" class="btn btn-primary btn-lg" data-toggle="dropdown" aria-expanded="true">...</button> is not clickable at point (424, 81). Other element would receive the click: <div popup-modal="removecreatednote.$index" class="modal fade in" id="removecreatednote0" tabindex="-1" role="dialog" aria-labelledby="myModalLabel" aria-hidden="false" style="display: block; padding-right: 15px;">...</div>
  (Session info: chrome=77.0.3865.120)
Build info: version: '3.141.59', revision: 'e82be7d358', time: '2018-11-14T08:17:03'
System info: host: 'darshan', ip: '192.168.1.69', os.name: 'Linux', os.arch: 'amd64', os.version: '4.15.0-70-generic', java.version: '13.0.1'
Driver info: org.openqa.selenium.chrome.ChromeDriver
Capabilities {acceptInsecureCerts: false, browserName: chrome, browserVersion: 77.0.3865.120, chrome: {chromedriverVersion: 77.0.3865.40 (f484704e052e0..., userDataDir: /tmp/.com.google.Chrome.xm6XLO}, goog:chromeOptions: {debuggerAddress: localhost:44993}, javascriptEnabled: true, networkConnectionEnabled: false, pageLoadStrategy: normal, platform: LINUX, platformName: LINUX, proxy: Proxy(), setWindowRect: true, strictFileInteractability: false, timeouts: {implicit: 0, pageLoad: 300000, script: 30000}, unhandledPromptBehavior: dismiss and notify}
Session ID: c99386547196d31c1d4a67536fa4a8e5
	at org.openqa.selenium.remote.http.W3CHttpResponseCodec.createException(W3CHttpResponseCodec.java:187)
	at org.openqa.selenium.remote.http.W3CHttpResponseCodec.decode(W3CHttpResponseCodec.java:122)
	at org.openqa.selenium.remote.http.W3CHttpResponseCodec.decode(W3CHttpResponseCodec.java:49)
	at org.openqa.selenium.remote.HttpCommandExecutor.execute(HttpCommandExecutor.java:158)
	at org.openqa.selenium.remote.service.DriverCommandExecutor.execute(DriverCommandExecutor.java:83)
	at org.openqa.selenium.remote.RemoteWebDriver.execute(RemoteWebDriver.java:552)
	at org.openqa.selenium.remote.RemoteWebElement.execute(RemoteWebElement.java:285)
	at org.openqa.selenium.remote.RemoteWebElement.click(RemoteWebElement.java:84)
	at org.openqa.selenium.support.pagefactory.internal.LocatingElementHandler.invoke(LocatingElementHandler.java:51)
	at com.sun.proxy.$Proxy12.click(Unknown Source)
	at testObjects.ObjectInquiryFunctionalities.clickInquiryListDropdown(ObjectInquiryFunctionalities.java:384)
	at logicalView.InquiryInternalFunctionalityScripts.ArchiveUnarchiveInquiry.UnarchiveInquiry(ArchiveUnarchiveInquiry.java:43)
	at testScript.TC_InquiryInternalFunctionalities.TC_UnArchiveInquiry(TC_InquiryInternalFunctionalities.java:132)
... Removed 32 stack frames]]>
    </failure>
  </testcase> <!-- TC_UnArchiveInquiry -->
  <testcase classname="testScript.TC_InquiryInternalFunctionalities" name="TC_VideoCall" time="0.111">
    <failure type="org.openqa.selenium.ElementClickInterceptedException" message="element click intercepted: Element &amp;lt;a ng-click=&amp;quot;openSideNav(&amp;apos;call&amp;apos;); searchtext1.$=&amp;apos;&amp;apos;;&amp;quot; class=&amp;quot;dropdown-toggle btn btn-default border-none inq-righticon chatmoremenuiconhovr&amp;quot; data-toggle=&amp;quot;modal&amp;quot; role=&amp;quot;button&amp;quot; ng-class=&amp;quot;callparicipant?&amp;apos;chatmoremenuicon&amp;apos;:&amp;apos;&amp;apos;&amp;quot;&amp;gt;...&amp;lt;/a&amp;gt; is not clickable at point (1318, 91). Other element would receive the click: &amp;lt;div popup-modal=&amp;quot;removecreatednote.$index&amp;quot; class=&amp;quot;modal fade in&amp;quot; id=&amp;quot;removecreatednote0&amp;quot; tabindex=&amp;quot;-1&amp;quot; role=&amp;quot;dialog&amp;quot; aria-labelledby=&amp;quot;myModalLabel&amp;quot; aria-hidden=&amp;quot;false&amp;quot; style=&amp;quot;display: block; padding-right: 15px;&amp;quot;&amp;gt;...&amp;lt;/div&amp;gt;
  (Session info: chrome=77.0.3865.120)
Build info: version: &amp;apos;3.141.59&amp;apos;, revision: &amp;apos;e82be7d358&amp;apos;, time: &amp;apos;2018-11-14T08:17:03&amp;apos;
System info: host: &amp;apos;darshan&amp;apos;, ip: &amp;apos;192.168.1.69&amp;apos;, os.name: &amp;apos;Linux&amp;apos;, os.arch: &amp;apos;amd64&amp;apos;, os.version: &amp;apos;4.15.0-70-generic&amp;apos;, java.version: &amp;apos;13.0.1&amp;apos;
Driver info: org.openqa.selenium.chrome.ChromeDriver
Capabilities {acceptInsecureCerts: false, browserName: chrome, browserVersion: 77.0.3865.120, chrome: {chromedriverVersion: 77.0.3865.40 (f484704e052e0..., userDataDir: /tmp/.com.google.Chrome.xm6XLO}, goog:chromeOptions: {debuggerAddress: localhost:44993}, javascriptEnabled: true, networkConnectionEnabled: false, pageLoadStrategy: normal, platform: LINUX, platformName: LINUX, proxy: Proxy(), setWindowRect: true, strictFileInteractability: false, timeouts: {implicit: 0, pageLoad: 300000, script: 30000}, unhandledPromptBehavior: dismiss and notify}
Session ID: c99386547196d31c1d4a67536fa4a8e5">
      <![CDATA[org.openqa.selenium.ElementClickInterceptedException: element click intercepted: Element <a ng-click="openSideNav('call'); searchtext1.$='';" class="dropdown-toggle btn btn-default border-none inq-righticon chatmoremenuiconhovr" data-toggle="modal" role="button" ng-class="callparicipant?'chatmoremenuicon':''">...</a> is not clickable at point (1318, 91). Other element would receive the click: <div popup-modal="removecreatednote.$index" class="modal fade in" id="removecreatednote0" tabindex="-1" role="dialog" aria-labelledby="myModalLabel" aria-hidden="false" style="display: block; padding-right: 15px;">...</div>
  (Session info: chrome=77.0.3865.120)
Build info: version: '3.141.59', revision: 'e82be7d358', time: '2018-11-14T08:17:03'
System info: host: 'darshan', ip: '192.168.1.69', os.name: 'Linux', os.arch: 'amd64', os.version: '4.15.0-70-generic', java.version: '13.0.1'
Driver info: org.openqa.selenium.chrome.ChromeDriver
Capabilities {acceptInsecureCerts: false, browserName: chrome, browserVersion: 77.0.3865.120, chrome: {chromedriverVersion: 77.0.3865.40 (f484704e052e0..., userDataDir: /tmp/.com.google.Chrome.xm6XLO}, goog:chromeOptions: {debuggerAddress: localhost:44993}, javascriptEnabled: true, networkConnectionEnabled: false, pageLoadStrategy: normal, platform: LINUX, platformName: LINUX, proxy: Proxy(), setWindowRect: true, strictFileInteractability: false, timeouts: {implicit: 0, pageLoad: 300000, script: 30000}, unhandledPromptBehavior: dismiss and notify}
Session ID: c99386547196d31c1d4a67536fa4a8e5
	at org.openqa.selenium.remote.http.W3CHttpResponseCodec.createException(W3CHttpResponseCodec.java:187)
	at org.openqa.selenium.remote.http.W3CHttpResponseCodec.decode(W3CHttpResponseCodec.java:122)
	at org.openqa.selenium.remote.http.W3CHttpResponseCodec.decode(W3CHttpResponseCodec.java:49)
	at org.openqa.selenium.remote.HttpCommandExecutor.execute(HttpCommandExecutor.java:158)
	at org.openqa.selenium.remote.service.DriverCommandExecutor.execute(DriverCommandExecutor.java:83)
	at org.openqa.selenium.remote.RemoteWebDriver.execute(RemoteWebDriver.java:552)
	at org.openqa.selenium.remote.RemoteWebElement.execute(RemoteWebElement.java:285)
	at org.openqa.selenium.remote.RemoteWebElement.click(RemoteWebElement.java:84)
	at org.openqa.selenium.support.pagefactory.internal.LocatingElementHandler.invoke(LocatingElementHandler.java:51)
	at com.sun.proxy.$Proxy12.click(Unknown Source)
	at testObjects.ObjectInquiryFunctionalities.clickVideoCall(ObjectInquiryFunctionalities.java:447)
	at logicalView.InquiryInternalFunctionalityScripts.VideoCall.startEndVideoCall(VideoCall.java:16)
	at testScript.TC_InquiryInternalFunctionalities.TC_VideoCall(TC_InquiryInternalFunctionalities.java:138)
... Removed 32 stack frames]]>
    </failure>
  </testcase> <!-- TC_VideoCall -->
  <testcase classname="testScript.TC_InquiryInternalFunctionalities" name="TC_EditInquiryDetails" time="0.075">
    <failure type="org.openqa.selenium.ElementClickInterceptedException" message="element click intercepted: Element &amp;lt;a ng-click=&amp;quot;closeNav();openSideNav(&amp;apos;details&amp;apos;);&amp;quot; class=&amp;quot;dropdown-toggle btn btn-default border-none inq-righticon chatmoremenuiconhovr&amp;quot; role=&amp;quot;button&amp;quot; aria-expanded=&amp;quot;false&amp;quot; ng-class=&amp;quot;details?&amp;apos;chatmoremenuicon&amp;apos;:&amp;apos;&amp;apos;&amp;quot; style=&amp;quot;&amp;quot;&amp;gt;...&amp;lt;/a&amp;gt; is not clickable at point (1562, 91). Other element would receive the click: &amp;lt;div popup-modal=&amp;quot;removecreatednote.$index&amp;quot; class=&amp;quot;modal fade in&amp;quot; id=&amp;quot;removecreatednote0&amp;quot; tabindex=&amp;quot;-1&amp;quot; role=&amp;quot;dialog&amp;quot; aria-labelledby=&amp;quot;myModalLabel&amp;quot; aria-hidden=&amp;quot;false&amp;quot; style=&amp;quot;display: block; padding-right: 15px;&amp;quot;&amp;gt;...&amp;lt;/div&amp;gt;
  (Session info: chrome=77.0.3865.120)
Build info: version: &amp;apos;3.141.59&amp;apos;, revision: &amp;apos;e82be7d358&amp;apos;, time: &amp;apos;2018-11-14T08:17:03&amp;apos;
System info: host: &amp;apos;darshan&amp;apos;, ip: &amp;apos;192.168.1.69&amp;apos;, os.name: &amp;apos;Linux&amp;apos;, os.arch: &amp;apos;amd64&amp;apos;, os.version: &amp;apos;4.15.0-70-generic&amp;apos;, java.version: &amp;apos;13.0.1&amp;apos;
Driver info: org.openqa.selenium.chrome.ChromeDriver
Capabilities {acceptInsecureCerts: false, browserName: chrome, browserVersion: 77.0.3865.120, chrome: {chromedriverVersion: 77.0.3865.40 (f484704e052e0..., userDataDir: /tmp/.com.google.Chrome.xm6XLO}, goog:chromeOptions: {debuggerAddress: localhost:44993}, javascriptEnabled: true, networkConnectionEnabled: false, pageLoadStrategy: normal, platform: LINUX, platformName: LINUX, proxy: Proxy(), setWindowRect: true, strictFileInteractability: false, timeouts: {implicit: 0, pageLoad: 300000, script: 30000}, unhandledPromptBehavior: dismiss and notify}
Session ID: c99386547196d31c1d4a67536fa4a8e5">
      <![CDATA[org.openqa.selenium.ElementClickInterceptedException: element click intercepted: Element <a ng-click="closeNav();openSideNav('details');" class="dropdown-toggle btn btn-default border-none inq-righticon chatmoremenuiconhovr" role="button" aria-expanded="false" ng-class="details?'chatmoremenuicon':''" style="">...</a> is not clickable at point (1562, 91). Other element would receive the click: <div popup-modal="removecreatednote.$index" class="modal fade in" id="removecreatednote0" tabindex="-1" role="dialog" aria-labelledby="myModalLabel" aria-hidden="false" style="display: block; padding-right: 15px;">...</div>
  (Session info: chrome=77.0.3865.120)
Build info: version: '3.141.59', revision: 'e82be7d358', time: '2018-11-14T08:17:03'
System info: host: 'darshan', ip: '192.168.1.69', os.name: 'Linux', os.arch: 'amd64', os.version: '4.15.0-70-generic', java.version: '13.0.1'
Driver info: org.openqa.selenium.chrome.ChromeDriver
Capabilities {acceptInsecureCerts: false, browserName: chrome, browserVersion: 77.0.3865.120, chrome: {chromedriverVersion: 77.0.3865.40 (f484704e052e0..., userDataDir: /tmp/.com.google.Chrome.xm6XLO}, goog:chromeOptions: {debuggerAddress: localhost:44993}, javascriptEnabled: true, networkConnectionEnabled: false, pageLoadStrategy: normal, platform: LINUX, platformName: LINUX, proxy: Proxy(), setWindowRect: true, strictFileInteractability: false, timeouts: {implicit: 0, pageLoad: 300000, script: 30000}, unhandledPromptBehavior: dismiss and notify}
Session ID: c99386547196d31c1d4a67536fa4a8e5
	at org.openqa.selenium.remote.http.W3CHttpResponseCodec.createException(W3CHttpResponseCodec.java:187)
	at org.openqa.selenium.remote.http.W3CHttpResponseCodec.decode(W3CHttpResponseCodec.java:122)
	at org.openqa.selenium.remote.http.W3CHttpResponseCodec.decode(W3CHttpResponseCodec.java:49)
	at org.openqa.selenium.remote.HttpCommandExecutor.execute(HttpCommandExecutor.java:158)
	at org.openqa.selenium.remote.service.DriverCommandExecutor.execute(DriverCommandExecutor.java:83)
	at org.openqa.selenium.remote.RemoteWebDriver.execute(RemoteWebDriver.java:552)
	at org.openqa.selenium.remote.RemoteWebElement.execute(RemoteWebElement.java:285)
	at org.openqa.selenium.remote.RemoteWebElement.click(RemoteWebElement.java:84)
	at org.openqa.selenium.support.pagefactory.internal.LocatingElementHandler.invoke(LocatingElementHandler.java:51)
	at com.sun.proxy.$Proxy12.click(Unknown Source)
	at testObjects.ObjectInquiryFunctionalities.clickInquiryDetails(ObjectInquiryFunctionalities.java:283)
	at logicalView.InquiryInternalFunctionalityScripts.InquiryDetails.editInquiryDetails(InquiryDetails.java:42)
	at testScript.TC_InquiryInternalFunctionalities.TC_EditInquiryDetails(TC_InquiryInternalFunctionalities.java:143)
... Removed 32 stack frames]]>
    </failure>
  </testcase> <!-- TC_EditInquiryDetails -->
  <testcase classname="testScript.TC_InquiryInternalFunctionalities" name="TC_SignOut" time="2.386"/>
</testsuite> <!-- Inquiry Internal Functionalities -->
