<?xml version="1.0" encoding="UTF-8"?>
<!-- Generated by org.testng.reporters.JUnitReportReporter -->
<testsuite hostname="darshan" failures="1" tests="50" name="testScript.JourneyScripts$TC_All" time="1508.981" errors="0" timestamp="29 Nov 2019 11:17:26 GMT">
  <testcase classname="testScript.JourneyScripts$TC_All" name="TC_DeleteNotes" time="16.166"/>
  <testcase classname="testScript.JourneyScripts$TC_All" name="TC_InValidSignInwithBlankEmail" time="4.252"/>
  <testcase classname="testScript.JourneyScripts$TC_All" name="SignInforSignUpUserId" time="40.022"/>
  <testcase classname="testScript.JourneyScripts$TC_All" name="TC_SignUpwithUserIdwithoutPassword" time="23.359"/>
  <testcase classname="testScript.JourneyScripts$TC_All" name="TC_InValidSignInwithBlankEmailPassword" time="1.684"/>
  <testcase classname="testScript.JourneyScripts$TC_All" name="TC_VerifyNotRegisteredVerifyEmail" time="2.646"/>
  <testcase classname="testScript.JourneyScripts$TC_All" name="TC_SignUpwithEmailandPassword" time="86.336"/>
  <testcase classname="testScript.JourneyScripts$TC_All" name="TC_SignInafterRegisterEmailwithOutPassword" time="97.077"/>
  <testcase classname="testScript.JourneyScripts$TC_All" name="TC_Need_Help" time="39.258"/>
  <testcase classname="testScript.JourneyScripts$TC_All" name="TC_CreateNewInquirywithBlankValues" time="15.085"/>
  <testcase classname="testScript.JourneyScripts$TC_All" name="TC_InvalidDomainSubmission" time="7.409"/>
  <testcase classname="testScript.JourneyScripts$TC_All" name="TC_InquiryList" time="44.544"/>
  <testcase classname="testScript.JourneyScripts$TC_All" name="TC_VerifyBlankVerifyEmailUserid" time="18.498"/>
  <testcase classname="testScript.JourneyScripts$TC_All" name="SignInforSignUp" time="24.795"/>
  <testcase classname="testScript.JourneyScripts$TC_All" name="TC_SignUpwithBlankUserIdInvalidData" time="7.819"/>
  <testcase classname="testScript.JourneyScripts$TC_All" name="TC_SignUpwithEmailwithoutPassword" time="23.632"/>
  <testcase classname="testScript.JourneyScripts$TC_All" name="TC_RemoveParticipant" time="32.791">
    <failure message="element not visible
  (Session info: chrome=78.0.3904.108)
  (Driver info: chromedriver=2.41.578700 (2f1ed5f9343c13f73144538f15c00b370eda6706),platform=Linux 4.15.0-70-generic x86_64) (WARNING: The server did not provide any stacktrace information)
Command duration or timeout: 0 milliseconds
Build info: version: &#039;3.141.59&#039;, revision: &#039;e82be7d358&#039;, time: &#039;2018-11-14T08:17:03&#039;
System info: host: &#039;darshan&#039;, ip: &#039;192.168.1.69&#039;, os.name: &#039;Linux&#039;, os.arch: &#039;amd64&#039;, os.version: &#039;4.15.0-70-generic&#039;, java.version: &#039;13.0.1&#039;
Driver info: org.openqa.selenium.chrome.ChromeDriver
Capabilities {acceptInsecureCerts: false, acceptSslCerts: false, applicationCacheEnabled: false, browserConnectionEnabled: false, browserName: chrome, chrome: {chromedriverVersion: 2.41.578700 (2f1ed5f9343c13..., userDataDir: /tmp/.org.chromium.Chromium...}, cssSelectorsEnabled: true, databaseEnabled: false, goog:chromeOptions: {debuggerAddress: localhost:32931}, handlesAlerts: true, hasTouchScreen: false, javascriptEnabled: true, locationContextEnabled: true, mobileEmulationEnabled: false, nativeEvents: true, networkConnectionEnabled: false, pageLoadStrategy: normal, platform: LINUX, platformName: LINUX, rotatable: false, setWindowRect: true, takesHeapSnapshot: true, takesScreenshot: true, unexpectedAlertBehaviour: , unhandledPromptBehavior: , version: 78.0.3904.108, webStorageEnabled: true}
Session ID: f85b6d6706a24428b81f89d9eaf04014" type="org.openqa.selenium.ElementNotVisibleException">
      <![CDATA[org.openqa.selenium.ElementNotVisibleException: element not visible
  (Session info: chrome=78.0.3904.108)
  (Driver info: chromedriver=2.41.578700 (2f1ed5f9343c13f73144538f15c00b370eda6706),platform=Linux 4.15.0-70-generic x86_64) (WARNING: The server did not provide any stacktrace information)
Command duration or timeout: 0 milliseconds
Build info: version: '3.141.59', revision: 'e82be7d358', time: '2018-11-14T08:17:03'
System info: host: 'darshan', ip: '192.168.1.69', os.name: 'Linux', os.arch: 'amd64', os.version: '4.15.0-70-generic', java.version: '13.0.1'
Driver info: org.openqa.selenium.chrome.ChromeDriver
Capabilities {acceptInsecureCerts: false, acceptSslCerts: false, applicationCacheEnabled: false, browserConnectionEnabled: false, browserName: chrome, chrome: {chromedriverVersion: 2.41.578700 (2f1ed5f9343c13..., userDataDir: /tmp/.org.chromium.Chromium...}, cssSelectorsEnabled: true, databaseEnabled: false, goog:chromeOptions: {debuggerAddress: localhost:32931}, handlesAlerts: true, hasTouchScreen: false, javascriptEnabled: true, locationContextEnabled: true, mobileEmulationEnabled: false, nativeEvents: true, networkConnectionEnabled: false, pageLoadStrategy: normal, platform: LINUX, platformName: LINUX, rotatable: false, setWindowRect: true, takesHeapSnapshot: true, takesScreenshot: true, unexpectedAlertBehaviour: , unhandledPromptBehavior: , version: 78.0.3904.108, webStorageEnabled: true}
Session ID: f85b6d6706a24428b81f89d9eaf04014
	at java.base/jdk.internal.reflect.NativeConstructorAccessorImpl.newInstance0(Native Method)
	at java.base/jdk.internal.reflect.NativeConstructorAccessorImpl.newInstance(NativeConstructorAccessorImpl.java:62)
	at java.base/jdk.internal.reflect.DelegatingConstructorAccessorImpl.newInstance(DelegatingConstructorAccessorImpl.java:45)
	at java.base/java.lang.reflect.Constructor.newInstanceWithCaller(Constructor.java:500)
	at java.base/java.lang.reflect.Constructor.newInstance(Constructor.java:481)
	at org.openqa.selenium.remote.ErrorHandler.createThrowable(ErrorHandler.java:214)
	at org.openqa.selenium.remote.ErrorHandler.throwIfResponseFailed(ErrorHandler.java:166)
	at org.openqa.selenium.remote.http.JsonHttpResponseCodec.reconstructValue(JsonHttpResponseCodec.java:40)
	at org.openqa.selenium.remote.http.AbstractHttpResponseCodec.decode(AbstractHttpResponseCodec.java:80)
	at org.openqa.selenium.remote.http.AbstractHttpResponseCodec.decode(AbstractHttpResponseCodec.java:44)
	at org.openqa.selenium.remote.HttpCommandExecutor.execute(HttpCommandExecutor.java:158)
	at org.openqa.selenium.remote.service.DriverCommandExecutor.execute(DriverCommandExecutor.java:83)
	at org.openqa.selenium.remote.RemoteWebDriver.execute(RemoteWebDriver.java:552)
	at org.openqa.selenium.remote.RemoteWebElement.execute(RemoteWebElement.java:285)
	at org.openqa.selenium.remote.RemoteWebElement.click(RemoteWebElement.java:84)
	at logicalView.InquiryInternalFunctionalityScripts.RemoveParticipant.removeParticipant(RemoveParticipant.java:39)
	at testScript.JourneyScripts$TC_All.TC_RemoveParticipant(JourneyScripts.java:469)
	at java.base/jdk.internal.reflect.NativeMethodAccessorImpl.invoke0(Native Method)
	at java.base/jdk.internal.reflect.NativeMethodAccessorImpl.invoke(NativeMethodAccessorImpl.java:62)
	at java.base/jdk.internal.reflect.DelegatingMethodAccessorImpl.invoke(DelegatingMethodAccessorImpl.java:43)
	at java.base/java.lang.reflect.Method.invoke(Method.java:567)
	at org.testng.internal.MethodInvocationHelper.invokeMethod(MethodInvocationHelper.java:84)
	at org.testng.internal.Invoker.invokeMethod(Invoker.java:714)
	at org.testng.internal.Invoker.invokeTestMethod(Invoker.java:901)
	at org.testng.internal.Invoker.invokeTestMethods(Invoker.java:1231)
	at org.testng.internal.TestMethodWorker.invokeTestMethods(TestMethodWorker.java:127)
	at org.testng.internal.TestMethodWorker.run(TestMethodWorker.java:111)
	at org.testng.TestRunner.privateRun(TestRunner.java:767)
	at org.testng.TestRunner.run(TestRunner.java:617)
	at org.testng.SuiteRunner.runTest(SuiteRunner.java:348)
	at org.testng.SuiteRunner.runSequentially(SuiteRunner.java:343)
	at org.testng.SuiteRunner.privateRun(SuiteRunner.java:305)
	at org.testng.SuiteRunner.run(SuiteRunner.java:254)
	at org.testng.SuiteRunnerWorker.runSuite(SuiteRunnerWorker.java:52)
	at org.testng.SuiteRunnerWorker.run(SuiteRunnerWorker.java:86)
	at org.testng.TestNG.runSuitesSequentially(TestNG.java:1224)
	at org.testng.TestNG.runSuitesLocally(TestNG.java:1149)
	at org.testng.TestNG.run(TestNG.java:1057)
	at org.testng.remote.AbstractRemoteTestNG.run(AbstractRemoteTestNG.java:115)
	at org.testng.remote.RemoteTestNG.initAndRun(RemoteTestNG.java:251)
	at org.testng.remote.RemoteTestNG.main(RemoteTestNG.java:77)
]]>
    </failure>
  </testcase> <!-- TC_RemoveParticipant -->
  <testcase classname="testScript.JourneyScripts$TC_All" name="TC_AttachMediaVideo" time="19.038"/>
  <testcase classname="testScript.JourneyScripts$TC_All" name="TC_SignIn" time="45.798"/>
  <testcase classname="testScript.JourneyScripts$TC_All" name="TC_AttachMediaPhoto" time="22.533"/>
  <testcase classname="testScript.JourneyScripts$TC_All" name="TC_CreateNewInquirywithInvalidValues" time="32.421"/>
  <testcase classname="testScript.JourneyScripts$TC_All" name="TC_InValidForgotPasswordwithBlankEmail" time="3.312"/>
  <testcase classname="testScript.JourneyScripts$TC_All" name="TC_SignUpwithUserIdInvalidData" time="41.686"/>
  <testcase classname="testScript.JourneyScripts$TC_All" name="TC_CreateNewInquiry" time="108.377"/>
  <testcase classname="testScript.JourneyScripts$TC_All" name="TC_VerifyNotRegisteredVerifyUserId" time="6.929"/>
  <testcase classname="testScript.JourneyScripts$TC_All" name="SignInforSignUpwithOutPassword" time="55.919"/>
  <testcase classname="testScript.JourneyScripts$TC_All" name="TC_ValidForgotPassword" time="3.653"/>
  <testcase classname="testScript.JourneyScripts$TC_All" name="TC_ViewImage" time="30.459"/>
  <testcase classname="testScript.JourneyScripts$TC_All" name="TC_AddParticipantInInquiry" time="50.815"/>
  <testcase classname="testScript.JourneyScripts$TC_All" name="TC_EditNotes" time="17.567"/>
  <testcase classname="testScript.JourneyScripts$TC_All" name="TC_InValidSignInwithBlankPassword" time="8.652"/>
  <testcase classname="testScript.JourneyScripts$TC_All" name="TC_SignInafterRegisterUserIdwithOutPassword" time="98.344"/>
  <testcase classname="testScript.JourneyScripts$TC_All" name="TC_InValidForgotPasswordwithNotRegisteredEmail" time="4.698"/>
  <testcase classname="testScript.JourneyScripts$TC_All" name="TC_SendMessageToChat" time="13.818"/>
  <testcase classname="testScript.JourneyScripts$TC_All" name="TC_UnArchiveInquiry" time="47.199"/>
  <testcase classname="testScript.JourneyScripts$TC_All" name="SignInforSignUpUserIdwithoutPassword" time="55.906"/>
  <testcase classname="testScript.JourneyScripts$TC_All" name="TC_InValidForgotPasswordwithInvalidEmail" time="4.069"/>
  <testcase classname="testScript.JourneyScripts$TC_All" name="TC_SignUpwithEmailandPasswordUserId" time="61.969"/>
  <testcase classname="testScript.JourneyScripts$TC_All" name="TC_ValidDomainSubmission" time="15.251"/>
  <testcase classname="testScript.JourneyScripts$TC_All" name="TC_ArchiveInquiry" time="28.470"/>
  <testcase classname="testScript.JourneyScripts$TC_All" name="TC_AttachMediaDocument" time="17.908"/>
  <testcase classname="testScript.JourneyScripts$TC_All" name="TC_SignUpwithBlankEmailIdInvalidData" time="6.914"/>
  <testcase classname="testScript.JourneyScripts$TC_All" name="TC_InvalidsignInwithInvalidEmailPassword" time="14.399"/>
  <testcase classname="testScript.JourneyScripts$TC_All" name="TC_VideoCall" time="23.049"/>
  <testcase classname="testScript.JourneyScripts$TC_All" name="TC_EditInquiryDetails" time="36.733"/>
  <testcase classname="testScript.JourneyScripts$TC_All" name="TC_VerifyInvalidVerifyUserId" time="1.880"/>
  <testcase classname="testScript.JourneyScripts$TC_All" name="TC_SignInafterRegister" time="53.935"/>
  <testcase classname="testScript.JourneyScripts$TC_All" name="TC_AddNotes" time="27.548"/>
  <testcase classname="testScript.JourneyScripts$TC_All" name="TC_SignInafterRegisterUserId" time="61.605"/>
  <testcase classname="testScript.JourneyScripts$TC_All" name="TC_VerifyInvalidVerifyEmail" time="2.754"/>
</testsuite> <!-- testScript.JourneyScripts$TC_All -->
